2026-03-24 11:29:55,303 - INFO - Theme changed to dark
2026-03-24 11:29:55,303 - INFO - Application started
2026-03-24 11:30:13,351 - INFO - Loaded markdown file: C:/Users/user/OneDrive/Desktop/DR Plan/96 Controls.md
2026-03-24 11:30:13,388 - INFO - File selected: C:/Users/user/OneDrive/Desktop/DR Plan/96 Controls.md (type: markdown)
2026-03-24 11:30:28,526 - INFO - Loaded mermaid file: C:/Users/user/OneDrive/Desktop/DR Plan/Plan Updated/Diagram/Diagram 1 - DR Environment Architecture (Normal State).mermaid
2026-03-24 11:30:28,533 - INFO - File selected: C:/Users/user/OneDrive/Desktop/DR Plan/Plan Updated/Diagram/Diagram 1 - DR Environment Architecture (Normal State).mermaid (type: mermaid)
2026-03-24 11:42:01,952 - INFO - Theme changed to dark
2026-03-24 11:47:57,486 - INFO - Theme changed to dark
2026-03-24 11:47:57,486 - INFO - Application started
2026-03-24 11:48:11,241 - INFO - Loaded markdown file: C:/Users/user/OneDrive/Desktop/DR Plan/96 Controls.md
2026-03-24 11:48:11,270 - INFO - File selected: C:/Users/user/OneDrive/Desktop/DR Plan/96 Controls.md (type: markdown)
2026-03-24 11:48:13,589 - INFO - Markdown preview generated for: C:/Users/user/OneDrive/Desktop/DR Plan/96 Controls.md
2026-03-24 11:48:22,772 - INFO - Loaded mermaid file: C:/Users/user/OneDrive/Desktop/DR Plan/Plan Updated/Diagram/Diagram 1 - DR Environment Architecture (Normal State).mermaid
2026-03-24 11:48:22,788 - INFO - File selected: C:/Users/user/OneDrive/Desktop/DR Plan/Plan Updated/Diagram/Diagram 1 - DR Environment Architecture (Normal State).mermaid (type: mermaid)
2026-03-24 11:48:23,962 - INFO - Found 1 mermaid diagrams
2026-03-24 11:48:24,793 - INFO - Playwright backend available
2026-03-24 11:48:35,869 - WARNING - Playwright render failed: BrowserType.launch: Executable doesn't exist at C:\Users\user\AppData\Local\ms-playwright\chromium-1129\chrome-win\chrome.exe
╔════════════════════════════════════════════════════════════╗
║ Looks like Playwright was just installed or updated.       ║
║ Please run the following command to download new browsers: ║
║                                                            ║
║     playwright install                                     ║
║                                                            ║
║ <3 Playwright Team                                         ║
╚════════════════════════════════════════════════════════════╝
2026-03-24 11:48:37,986 - INFO - mermaid-py backend available
2026-03-24 11:48:37,986 - INFO - Falling back to mermaid-py
2026-03-24 11:48:37,987 - ERROR - Failed to render diagram 0: module 'mermaid' has no attribute 'render'
2026-03-24 11:48:37,988 - ERROR - Preview error: Failed to render diagram: module 'mermaid' has no attribute 'render'
2026-03-24 11:56:16,715 - INFO - Theme changed to dark
2026-03-24 11:56:16,718 - INFO - Application started
2026-03-24 11:56:29,477 - INFO - Loaded mermaid file: C:/Users/user/OneDrive/Desktop/DR Plan/Plan Updated/Diagram/Diagram 1 - DR Environment Architecture (Normal State).mermaid
2026-03-24 11:56:29,571 - INFO - File selected: C:/Users/user/OneDrive/Desktop/DR Plan/Plan Updated/Diagram/Diagram 1 - DR Environment Architecture (Normal State).mermaid (type: mermaid)
2026-03-24 11:56:31,263 - INFO - Found 1 mermaid diagrams
2026-03-24 11:56:31,838 - INFO - Playwright backend available
2026-03-24 11:56:42,673 - INFO - Rendered diagram 1: flowchart
2026-03-24 11:57:55,235 - INFO - Theme changed to dark
2026-03-24 11:57:55,235 - INFO - Application started
2026-03-24 11:59:31,245 - INFO - Theme changed to dark
2026-03-24 11:59:31,245 - INFO - Application started
2026-03-24 11:59:40,074 - INFO - Loaded mermaid file: C:/Users/user/OneDrive/Desktop/DR Plan/Plan Updated/Diagram/Diagram 1 - DR Environment Architecture (Normal State).mermaid
2026-03-24 11:59:40,090 - INFO - File selected: C:/Users/user/OneDrive/Desktop/DR Plan/Plan Updated/Diagram/Diagram 1 - DR Environment Architecture (Normal State).mermaid (type: mermaid)
2026-03-24 11:59:41,349 - INFO - Found 1 mermaid diagrams
2026-03-24 11:59:41,791 - INFO - Playwright backend available (fallback)
2026-03-24 11:59:45,842 - INFO - Rendered diagram 1: flowchart
2026-03-24 12:00:23,486 - INFO - Theme changed to dark
2026-03-24 12:00:23,486 - INFO - Application started
2026-03-24 12:03:53,211 - INFO - Theme changed to dark
2026-03-24 12:03:53,211 - INFO - Application started
2026-03-24 12:04:02,568 - INFO - Theme changed to light
2026-03-24 12:04:10,856 - INFO - Loaded markdown file: C:/Users/user/OneDrive/Desktop/DR Plan/96 Controls.md
2026-03-24 12:04:10,894 - INFO - File selected: C:/Users/user/OneDrive/Desktop/DR Plan/96 Controls.md (type: markdown)
2026-03-24 12:04:54,598 - INFO - Theme changed to dark
2026-03-24 12:04:54,599 - INFO - Application started
2026-03-24 12:04:57,789 - INFO - Theme changed to light
2026-03-24 12:05:05,410 - INFO - Theme changed to dark
2026-03-24 12:05:08,544 - INFO - Theme changed to light
2026-03-24 12:52:51,163 - INFO - Theme changed to light
2026-03-24 12:52:51,163 - INFO - Application started
2026-03-24 12:53:03,147 - INFO - Theme changed to dark
2026-03-24 12:53:05,366 - INFO - Theme changed to light
2026-03-24 12:55:36,194 - INFO - Theme changed to light
2026-03-24 12:55:36,194 - INFO - Application started
2026-03-24 12:56:51,202 - INFO - Theme changed to light
2026-03-24 12:56:51,202 - INFO - Application started
2026-03-24 12:59:48,917 - INFO - Theme changed to light
2026-03-24 12:59:48,918 - INFO - Application started
2026-03-24 13:00:06,363 - INFO - Theme changed to light
2026-03-24 13:00:06,363 - INFO - Application started
2026-03-24 13:01:18,726 - INFO - Theme changed to light
2026-03-24 13:01:18,727 - INFO - Application started
2026-03-24 13:01:50,680 - INFO - Theme changed to light
2026-03-24 13:01:50,701 - INFO - Application started
2026-03-24 13:01:55,271 - INFO - Theme changed to dark
2026-03-24 13:02:01,675 - INFO - Theme changed to light
2026-03-24 13:03:22,883 - INFO - Theme changed to light
2026-03-24 13:03:22,883 - INFO - Application started
2026-03-24 13:03:28,596 - INFO - Theme changed to dark
2026-03-24 13:03:52,747 - INFO - Loaded markdown file: C:/Users/user/OneDrive/Desktop/DR Plan/Plan Updated/DOCUMENT 1 - DR Plan detailed.md
2026-03-24 13:03:52,767 - INFO - File selected: C:/Users/user/OneDrive/Desktop/DR Plan/Plan Updated/DOCUMENT 1 - DR Plan detailed.md (type: markdown)
2026-03-24 13:05:44,138 - INFO - Markdown preview generated for: C:/Users/user/OneDrive/Desktop/DR Plan/Plan Updated/DOCUMENT 1 - DR Plan detailed.md
2026-03-24 13:05:48,471 - INFO - Loaded mermaid file: C:/Users/user/OneDrive/Desktop/DR Plan/Plan Updated/Diagram/Diagram 1 - DR Environment Architecture (Normal State).mermaid
2026-03-24 13:05:48,474 - INFO - File selected: C:/Users/user/OneDrive/Desktop/DR Plan/Plan Updated/Diagram/Diagram 1 - DR Environment Architecture (Normal State).mermaid (type: mermaid)
2026-03-24 13:05:49,380 - INFO - Found 1 mermaid diagrams
2026-03-24 13:05:51,146 - INFO - Playwright backend available (fallback)
2026-03-24 13:06:14,776 - INFO - Found 1 mermaid diagrams
2026-03-24 13:06:14,776 - INFO - Playwright backend available (fallback)
2026-03-24 13:06:16,848 - INFO - Rendered diagram 1: flowchart
2026-03-24 13:06:28,428 - INFO - Rendered diagram 1: flowchart
2026-03-24 13:19:48,612 - INFO - Theme changed to light
2026-03-24 13:19:48,613 - INFO - Application started
2026-03-24 13:20:06,352 - INFO - Loaded mermaid file: C:/Users/user/OneDrive/Desktop/DR Plan/Plan Updated/Diagram/Diagram 2 - DR Failover State (After Disaster Declaration).mermaid
2026-03-24 13:20:06,374 - INFO - File selected: C:/Users/user/OneDrive/Desktop/DR Plan/Plan Updated/Diagram/Diagram 2 - DR Failover State (After Disaster Declaration).mermaid (type: mermaid)
2026-03-24 13:20:17,953 - INFO - Loaded markdown file: C:/Users/user/OneDrive/Desktop/DR Plan/Plan Updated/DOCUMENT 1 - DR Plan detailed.md
2026-03-24 13:20:18,324 - INFO - File selected: C:/Users/user/OneDrive/Desktop/DR Plan/Plan Updated/DOCUMENT 1 - DR Plan detailed.md (type: markdown)
